# JRE version: OpenJDK Runtime Environment (11.0.10) (build 11.0.10+0-b96-7249189)
# Java VM: OpenJDK 64-Bit Server VM (11.0.10+0-b96-7249189, mixed mode, tiered, compressed oops, g1 gc, windows-amd64)
Heap:
 garbage-first heap   total 312320K, used 118779K [0x0000000702400000, 0x0000000800000000)
  region size 1024K, 98 young (100352K), 8 survivors (8192K)
 Metaspace       used 55057K, capacity 55685K, committed 55888K, reserved 1099776K
  class space    used 6322K, capacity 6558K, committed 6656K, reserved 1048576K
GC Heap History (10 events):
Event: 0.434 GC heap before
{Heap before GC invocations=0 (full 0):
 garbage-first heap   total 260096K, used 27648K [0x0000000702400000, 0x0000000800000000)
  region size 1024K, 24 young (24576K), 0 survivors (0K)
 Metaspace       used 12257K, capacity 12344K, committed 12544K, reserved 1060864K
  class space    used 1152K, capacity 1175K, committed 1280K, reserved 1048576K
}
Event: 0.437 GC heap after
{Heap after GC invocations=1 (full 0):
 garbage-first heap   total 260096K, used 6053K [0x0000000702400000, 0x0000000800000000)
  region size 1024K, 3 young (3072K), 3 survivors (3072K)
 Metaspace       used 12257K, capacity 12344K, committed 12544K, reserved 1060864K
  class space    used 1152K, capacity 1175K, committed 1280K, reserved 1048576K
}
Event: 0.895 GC heap before
{Heap before GC invocations=1 (full 0):
 garbage-first heap   total 260096K, used 40869K [0x0000000702400000, 0x0000000800000000)
  region size 1024K, 38 young (38912K), 3 survivors (3072K)
 Metaspace       used 20876K, capacity 21087K, committed 21296K, reserved 1069056K
  class space    used 2220K, capacity 2312K, committed 2432K, reserved 1048576K
}
Event: 0.904 GC heap after
{Heap after GC invocations=2 (full 0):
 garbage-first heap   total 260096K, used 9464K [0x0000000702400000, 0x0000000800000000)
  region size 1024K, 7 young (7168K), 7 survivors (7168K)
 Metaspace       used 20876K, capacity 21087K, committed 21296K, reserved 1069056K
  class space    used 2220K, capacity 2312K, committed 2432K, reserved 1048576K
}
Event: 1.573 GC heap before
{Heap before GC invocations=3 (full 0):
 garbage-first heap   total 260096K, used 65784K [0x0000000702400000, 0x0000000800000000)
  region size 1024K, 57 young (58368K), 7 survivors (7168K)
 Metaspace       used 33050K, capacity 33524K, committed 33712K, reserved 1079296K
  class space    used 4135K, capacity 4342K, committed 4352K, reserved 1048576K
}
Event: 1.581 GC heap after
{Heap after GC invocations=4 (full 0):
 garbage-first heap   total 260096K, used 20529K [0x0000000702400000, 0x0000000800000000)
  region size 1024K, 8 young (8192K), 8 survivors (8192K)
 Metaspace       used 33050K, capacity 33524K, committed 33712K, reserved 1079296K
  class space    used 4135K, capacity 4342K, committed 4352K, reserved 1048576K
}
Event: 1.726 GC heap before
{Heap before GC invocations=4 (full 0):
 garbage-first heap   total 260096K, used 32817K [0x0000000702400000, 0x0000000800000000)
  region size 1024K, 21 young (21504K), 8 survivors (8192K)
 Metaspace       used 35414K, capacity 35807K, committed 35920K, reserved 1081344K
  class space    used 4388K, capacity 4570K, committed 4608K, reserved 1048576K
}
Event: 1.733 GC heap after
{Heap after GC invocations=5 (full 0):
 garbage-first heap   total 260096K, used 20301K [0x0000000702400000, 0x0000000800000000)
  region size 1024K, 2 young (2048K), 2 survivors (2048K)
 Metaspace       used 35414K, capacity 35807K, committed 35920K, reserved 1081344K
  class space    used 4388K, capacity 4570K, committed 4608K, reserved 1048576K
}
Event: 2.442 GC heap before
{Heap before GC invocations=6 (full 0):
 garbage-first heap   total 260096K, used 90957K [0x0000000702400000, 0x0000000800000000)
  region size 1024K, 68 young (69632K), 2 survivors (2048K)
 Metaspace       used 46420K, capacity 46930K, committed 47056K, reserved 1091584K
  class space    used 5513K, capacity 5713K, committed 5760K, reserved 1048576K
}
Event: 2.449 GC heap after
{Heap after GC invocations=7 (full 0):
 garbage-first heap   total 312320K, used 27643K [0x0000000702400000, 0x0000000800000000)
  region size 1024K, 8 young (8192K), 8 survivors (8192K)
 Metaspace       used 46420K, capacity 46930K, committed 47056K, reserved 1091584K
  class space    used 5513K, capacity 5713K, committed 5760K, reserved 1048576K
}

