# JRE version: OpenJDK Runtime Environment (11.0.10) (build 11.0.10+0-b96-7249189)
# Java VM: OpenJDK 64-Bit Server VM (11.0.10+0-b96-7249189, mixed mode, tiered, compressed oops, g1 gc, windows-amd64)
Heap:
 garbage-first heap   total 312320K, used 69685K [0x0000000702400000, 0x0000000800000000)
  region size 1024K, 31 young (31744K), 4 survivors (4096K)
 Metaspace       used 64233K, capacity 64981K, committed 65236K, reserved 1107968K
  class space    used 7485K, capacity 7782K, committed 7884K, reserved 1048576K
GC Heap History (14 events):
Event: 0.403 GC heap before
{Heap before GC invocations=0 (full 0):
 garbage-first heap   total 260096K, used 27648K [0x0000000702400000, 0x0000000800000000)
  region size 1024K, 24 young (24576K), 0 survivors (0K)
 Metaspace       used 12234K, capacity 12344K, committed 12544K, reserved 1060864K
  class space    used 1152K, capacity 1175K, committed 1280K, reserved 1048576K
}
Event: 0.405 GC heap after
{Heap after GC invocations=1 (full 0):
 garbage-first heap   total 260096K, used 5852K [0x0000000702400000, 0x0000000800000000)
  region size 1024K, 3 young (3072K), 3 survivors (3072K)
 Metaspace       used 12234K, capacity 12344K, committed 12544K, reserved 1060864K
  class space    used 1152K, capacity 1175K, committed 1280K, reserved 1048576K
}
Event: 0.831 GC heap before
{Heap before GC invocations=1 (full 0):
 garbage-first heap   total 260096K, used 42716K [0x0000000702400000, 0x0000000800000000)
  region size 1024K, 40 young (40960K), 3 survivors (3072K)
 Metaspace       used 20873K, capacity 21087K, committed 21296K, reserved 1069056K
  class space    used 2228K, capacity 2312K, committed 2432K, reserved 1048576K
}
Event: 0.839 GC heap after
{Heap after GC invocations=2 (full 0):
 garbage-first heap   total 260096K, used 9610K [0x0000000702400000, 0x0000000800000000)
  region size 1024K, 7 young (7168K), 7 survivors (7168K)
 Metaspace       used 20873K, capacity 21087K, committed 21296K, reserved 1069056K
  class space    used 2228K, capacity 2312K, committed 2432K, reserved 1048576K
}
Event: 1.577 GC heap before
{Heap before GC invocations=3 (full 0):
 garbage-first heap   total 260096K, used 66954K [0x0000000702400000, 0x0000000800000000)
  region size 1024K, 58 young (59392K), 7 survivors (7168K)
 Metaspace       used 33534K, capacity 34004K, committed 34352K, reserved 1079296K
  class space    used 4190K, capacity 4374K, committed 4480K, reserved 1048576K
}
Event: 1.585 GC heap after
{Heap after GC invocations=4 (full 0):
 garbage-first heap   total 260096K, used 20720K [0x0000000702400000, 0x0000000800000000)
  region size 1024K, 8 young (8192K), 8 survivors (8192K)
 Metaspace       used 33534K, capacity 34004K, committed 34352K, reserved 1079296K
  class space    used 4190K, capacity 4374K, committed 4480K, reserved 1048576K
}
Event: 1.694 GC heap before
{Heap before GC invocations=4 (full 0):
 garbage-first heap   total 260096K, used 30960K [0x0000000702400000, 0x0000000800000000)
  region size 1024K, 19 young (19456K), 8 survivors (8192K)
 Metaspace       used 35410K, capacity 35843K, committed 35920K, reserved 1081344K
  class space    used 4393K, capacity 4603K, committed 4608K, reserved 1048576K
}
Event: 1.704 GC heap after
{Heap after GC invocations=5 (full 0):
 garbage-first heap   total 260096K, used 20426K [0x0000000702400000, 0x0000000800000000)
  region size 1024K, 2 young (2048K), 2 survivors (2048K)
 Metaspace       used 35410K, capacity 35843K, committed 35920K, reserved 1081344K
  class space    used 4393K, capacity 4603K, committed 4608K, reserved 1048576K
}
Event: 2.387 GC heap before
{Heap before GC invocations=6 (full 0):
 garbage-first heap   total 260096K, used 90058K [0x0000000702400000, 0x0000000800000000)
  region size 1024K, 67 young (68608K), 2 survivors (2048K)
 Metaspace       used 46361K, capacity 46866K, committed 47056K, reserved 1091584K
  class space    used 5513K, capacity 5713K, committed 5760K, reserved 1048576K
}
Event: 2.394 GC heap after
{Heap after GC invocations=7 (full 0):
 garbage-first heap   total 312320K, used 28118K [0x0000000702400000, 0x0000000800000000)
  region size 1024K, 8 young (8192K), 8 survivors (8192K)
 Metaspace       used 46361K, capacity 46866K, committed 47056K, reserved 1091584K
  class space    used 5513K, capacity 5713K, committed 5760K, reserved 1048576K
}
Event: 3.570 GC heap before
{Heap before GC invocations=7 (full 0):
 garbage-first heap   total 312320K, used 120278K [0x0000000702400000, 0x0000000800000000)
  region size 1024K, 98 young (100352K), 8 survivors (8192K)
 Metaspace       used 54694K, capacity 55266K, committed 55504K, reserved 1097728K
  class space    used 6280K, capacity 6525K, committed 6528K, reserved 1048576K
}
Event: 3.582 GC heap after
{Heap after GC invocations=8 (full 0):
 garbage-first heap   total 312320K, used 39651K [0x0000000702400000, 0x0000000800000000)
  region size 1024K, 13 young (13312K), 13 survivors (13312K)
 Metaspace       used 54694K, capacity 55266K, committed 55504K, reserved 1097728K
  class space    used 6280K, capacity 6525K, committed 6528K, reserved 1048576K
}
Event: 4.031 GC heap before
{Heap before GC invocations=8 (full 0):
 garbage-first heap   total 312320K, used 61155K [0x0000000702400000, 0x0000000800000000)
  region size 1024K, 35 young (35840K), 13 survivors (13312K)
 Metaspace       used 59496K, capacity 60186K, committed 60296K, reserved 1101824K
  class space    used 6974K, capacity 7266K, committed 7296K, reserved 1048576K
}
Event: 4.064 GC heap after
{Heap after GC invocations=9 (full 0):
 garbage-first heap   total 312320K, used 43061K [0x0000000702400000, 0x0000000800000000)
  region size 1024K, 4 young (4096K), 4 survivors (4096K)
 Metaspace       used 59496K, capacity 60186K, committed 60296K, reserved 1101824K
  class space    used 6974K, capacity 7266K, committed 7296K, reserved 1048576K
}

